#
# There is insufficient memory for the Java Runtime Environment to continue.
# Native memory allocation (malloc) failed to allocate 769344 bytes for Chunk::new
# Possible reasons:
#   The system is out of physical RAM or swap space
#   The process is running with CompressedOops enabled, and the Java Heap may be blocking the growth of the native heap
# Possible solutions:
#   Reduce memory load on the system
#   Increase physical memory or swap space
#   Check if swap backing store is full
#   Decrease Java heap size (-Xmx/-Xms)
#   Decrease number of Java threads
#   Decrease Java thread stack sizes (-Xss)
#   Set larger code cache with -XX:ReservedCodeCacheSize=
#   JVM is running with Zero Based Compressed Oops mode in which the Java heap is
#     placed in the first 32GB address space. The Java Heap base address is the
#     maximum limit for the native heap growth. Please use -XX:HeapBaseMinAddress
#     to set the Java Heap base and to place the Java Heap above 32GB virtual address.
# This output file may be truncated or incomplete.
#
#  Out of Memory Error (allocation.cpp:389), pid=48940, tid=0x000000000000aaac
#
# JRE version: Java(TM) SE Runtime Environment (8.0_221-b11) (build 1.8.0_221-b11)
# Java VM: Java HotSpot(TM) 64-Bit Server VM (25.221-b11 mixed mode windows-amd64 compressed oops)
# Failed to write core dump. Minidumps are not enabled by default on client versions of Windows
#

---------------  T H R E A D  ---------------

Current thread (0x000000001b89f000):  JavaThread "C2 CompilerThread2" daemon [_thread_in_native, id=43692, stack(0x000000001cb70000,0x000000001cc70000)]

Stack: [0x000000001cb70000,0x000000001cc70000]
[error occurred during error reporting (printing stack bounds), id 0xc0000005]

Native frames: (J=compiled Java code, j=interpreted, Vv=VM code, C=native code)


Current CompileTask:
C2: 236309 28514       4       net.minecraft.pathfinding.WalkNodeProcessor::func_186319_a (189 bytes)


---------------  P R O C E S S  ---------------

Java Threads: ( => current thread )
  0x00000000274cb800 JavaThread "pool-12-thread-1" [_thread_blocked, id=12056, stack(0x0000000071d80000,0x0000000071e80000)]
  0x000000002a6f8000 JavaThread "ProjectE Update Checker Notifier" daemon [_thread_blocked, id=9476, stack(0x0000000064390000,0x0000000064490000)]
  0x000000002a6f2800 JavaThread "threadDeathWatcher-2-1" daemon [_thread_blocked, id=46232, stack(0x0000000063d90000,0x0000000063e90000)]
  0x000000002a6f5800 JavaThread "Chunk I/O Executor Thread-1" daemon [_thread_blocked, id=18136, stack(0x0000000043520000,0x0000000043620000)]
  0x000000002a6f8800 JavaThread "Chunk Batcher 15" daemon [_thread_blocked, id=66384, stack(0x0000000040660000,0x0000000040760000)]
  0x000000002a6f5000 JavaThread "Chunk Batcher 14" daemon [_thread_blocked, id=1624, stack(0x000000003fd60000,0x000000003fe60000)]
  0x000000002a6f4000 JavaThread "Chunk Batcher 13" daemon [_thread_blocked, id=8320, stack(0x000000003fb60000,0x000000003fc60000)]
  0x000000002a6f3800 JavaThread "Chunk Batcher 12" daemon [_thread_blocked, id=2220, stack(0x000000007d090000,0x000000007d190000)]
  0x000000002a6f7000 JavaThread "Chunk Batcher 11" daemon [_thread_blocked, id=58912, stack(0x000000007cf90000,0x000000007d090000)]
  0x000000002a6f9800 JavaThread "Chunk Batcher 10" daemon [_thread_blocked, id=5780, stack(0x000000007ce90000,0x000000007cf90000)]
  0x000000002a6f1800 JavaThread "Chunk Batcher 9" daemon [_thread_blocked, id=53028, stack(0x000000007cd90000,0x000000007ce90000)]
  0x000000002a6ea000 JavaThread "Chunk Batcher 8" daemon [_thread_blocked, id=8328, stack(0x000000007cc90000,0x000000007cd90000)]
  0x000000002a6ee800 JavaThread "Chunk Batcher 7" daemon [_thread_blocked, id=7772, stack(0x000000007cb90000,0x000000007cc90000)]
  0x000000002a6ed000 JavaThread "Chunk Batcher 6" daemon [_thread_blocked, id=14696, stack(0x000000007ca90000,0x000000007cb90000)]
  0x000000002a6eb800 JavaThread "Chunk Batcher 5" daemon [_thread_blocked, id=55708, stack(0x000000007c1c0000,0x000000007c2c0000)]
  0x000000002a6ee000 JavaThread "Chunk Batcher 4" daemon [_thread_blocked, id=37380, stack(0x000000007c0c0000,0x000000007c1c0000)]
  0x000000002a6f1000 JavaThread "Chunk Batcher 3" daemon [_thread_blocked, id=32480, stack(0x000000007bfc0000,0x000000007c0c0000)]
  0x000000002a6ec800 JavaThread "Chunk Batcher 2" daemon [_thread_blocked, id=46064, stack(0x000000007bec0000,0x000000007bfc0000)]
  0x000000002a6f0000 JavaThread "Chunk Batcher 1" daemon [_thread_blocked, id=15516, stack(0x000000007bdc0000,0x000000007bec0000)]
  0x000000002a6ef800 JavaThread "Chunk Batcher 0" daemon [_thread_blocked, id=48364, stack(0x000000007bcc0000,0x000000007bdc0000)]
  0x000000001e3e2800 JavaThread "Netty Server IO #1" daemon [_thread_in_native, id=29736, stack(0x000000007b9c0000,0x000000007bac0000)]
  0x0000000021ac0000 JavaThread "Netty Local Client IO #0" daemon [_thread_in_vm, id=67348, stack(0x000000007b8c0000,0x000000007b9c0000)]
  0x0000000021abf800 JavaThread "Netty Server IO #0" daemon [_thread_in_native, id=50356, stack(0x000000007b7c0000,0x000000007b8c0000)]
  0x0000000021ab8000 JavaThread "Downloader 0" daemon [_thread_blocked, id=52752, stack(0x000000007b4c0000,0x000000007b5c0000)]
  0x00000000241c6800 JavaThread "pool-9-thread-1" [_thread_blocked, id=7600, stack(0x000000007a860000,0x000000007a960000)]
  0x00000000241cd800 JavaThread "Keep-Alive-Timer" daemon [_thread_blocked, id=30284, stack(0x000000007a760000,0x000000007a860000)]
  0x0000000029783800 JavaThread "Server thread" [_thread_in_Java, id=5280, stack(0x000000007a460000,0x000000007a560000)]
  0x0000000029779000 JavaThread "Snooper Timer" daemon [_thread_blocked, id=21096, stack(0x000000007a360000,0x000000007a460000)]
  0x0000000029787000 JavaThread "Narrator" daemon [_thread_blocked, id=18544, stack(0x0000000078ef0000,0x0000000078ff0000)]
  0x00000000241d3000 JavaThread "ForkJoinPool.commonPool-worker-1" daemon [_thread_blocked, id=30352, stack(0x0000000072480000,0x0000000072580000)]
  0x00000000241d0000 JavaThread "ForkJoinPool.commonPool-worker-15" daemon [_thread_blocked, id=57580, stack(0x0000000072280000,0x0000000072380000)]
  0x00000000241d2000 JavaThread "ForkJoinPool.commonPool-worker-6" daemon [_thread_blocked, id=1972, stack(0x0000000072180000,0x0000000072280000)]
  0x00000000241cc800 JavaThread "ForkJoinPool.commonPool-worker-9" daemon [_thread_blocked, id=61716, stack(0x0000000071e80000,0x0000000071f80000)]
  0x00000000241cc000 JavaThread "ForkJoinPool.commonPool-worker-0" daemon [_thread_blocked, id=17860, stack(0x000000006ec10000,0x000000006ed10000)]
  0x0000000021abb000 JavaThread "Thread-13" [_thread_blocked, id=66108, stack(0x0000000065490000,0x0000000065590000)]
  0x000000001e3e3800 JavaThread "Thread-12" [_thread_blocked, id=44180, stack(0x0000000065390000,0x0000000065490000)]
  0x0000000021ab7000 JavaThread "pool-3-thread-1" [_thread_blocked, id=31944, stack(0x0000000063e90000,0x0000000063f90000)]
  0x000000001e3eb000 JavaThread "File IO Thread" [_thread_blocked, id=45964, stack(0x0000000062e40000,0x0000000062f40000)]
  0x000000001e3ee000 JavaThread "Thread-8" [_thread_blocked, id=40004, stack(0x0000000043820000,0x0000000043920000)]
  0x000000001e3ea000 JavaThread "AWT-Windows" daemon [_thread_in_native, id=40860, stack(0x0000000043420000,0x0000000043520000)]
  0x0000000021abe800 JavaThread "ForkJoinPool.commonPool-worker-14" daemon [_thread_blocked, id=36396, stack(0x0000000040560000,0x0000000040660000)]
  0x0000000021abc800 JavaThread "ForkJoinPool.commonPool-worker-8" daemon [_thread_blocked, id=30960, stack(0x0000000040160000,0x0000000040260000)]
  0x0000000021ab4000 JavaThread "LWJGL Timer" daemon [_thread_blocked, id=8932, stack(0x000000003f960000,0x000000003fa60000)]
  0x0000000021ab5800 JavaThread "Java2D Disposer" daemon [_thread_blocked, id=48496, stack(0x000000002d910000,0x000000002da10000)]
  0x0000000021ab3800 JavaThread "Timer hack thread" daemon [_thread_blocked, id=39892, stack(0x000000002d810000,0x000000002d910000)]
  0x0000000029a3b800 JavaThread "Snooper Timer" daemon [_thread_blocked, id=34584, stack(0x0000000027a60000,0x0000000027b60000)]
  0x000000001b98a000 JavaThread "Service Thread" daemon [_thread_blocked, id=5528, stack(0x000000001d570000,0x000000001d670000)]
  0x000000001b8a1800 JavaThread "C1 CompilerThread11" daemon [_thread_blocked, id=33956, stack(0x000000001d470000,0x000000001d570000)]
  0x000000001b8a7000 JavaThread "C1 CompilerThread10" daemon [_thread_blocked, id=19100, stack(0x000000001d370000,0x000000001d470000)]
  0x000000001b8a6000 JavaThread "C1 CompilerThread9" daemon [_thread_blocked, id=12200, stack(0x000000001d270000,0x000000001d370000)]
  0x000000001b8a3000 JavaThread "C1 CompilerThread8" daemon [_thread_in_native, id=33044, stack(0x000000001d170000,0x000000001d270000)]
  0x000000001b8a3800 JavaThread "C2 CompilerThread7" daemon [_thread_in_native, id=38096, stack(0x000000001d070000,0x000000001d170000)]
  0x000000001b8a4800 JavaThread "C2 CompilerThread6" daemon [_thread_in_native, id=29012, stack(0x000000001cf70000,0x000000001d070000)]
  0x000000001b8a0800 JavaThread "C2 CompilerThread5" daemon [_thread_blocked, id=55960, stack(0x000000001ce70000,0x000000001cf70000)]
  0x000000001b8a0000 JavaThread "C2 CompilerThread4" daemon [_thread_blocked, id=2476, stack(0x000000001cd70000,0x000000001ce70000)]
  0x000000001b8a5000 JavaThread "C2 CompilerThread3" daemon [_thread_blocked, id=54404, stack(0x000000001cc70000,0x000000001cd70000)]
=>0x000000001b89f000 JavaThread "C2 CompilerThread2" daemon [_thread_in_native, id=43692, stack(0x000000001cb70000,0x000000001cc70000)]
  0x000000001b896000 JavaThread "C2 CompilerThread1" daemon [_thread_in_native, id=54612, stack(0x000000001ca70000,0x000000001cb70000)]
  0x000000001b893000 JavaThread "C2 CompilerThread0" daemon [_thread_blocked, id=24100, stack(0x000000001c970000,0x000000001ca70000)]
  0x000000001b892000 JavaThread "Attach Listener" daemon [_thread_blocked, id=58412, stack(0x000000001c870000,0x000000001c970000)]
  0x000000001b890800 JavaThread "Signal Dispatcher" daemon [_thread_blocked, id=41376, stack(0x000000001c770000,0x000000001c870000)]
  0x000000001b88f800 JavaThread "Surrogate Locker Thread (Concurrent GC)" daemon [_thread_blocked, id=32728, stack(0x000000001c670000,0x000000001c770000)]
  0x00000000026ce000 JavaThread "Finalizer" daemon [_thread_blocked, id=2924, stack(0x000000001c470000,0x000000001c570000)]
  0x00000000026c9800 JavaThread "Reference Handler" daemon [_thread_blocked, id=53532, stack(0x000000001c370000,0x000000001c470000)]
  0x00000000025d6000 JavaThread "Client thread" [_thread_blocked, id=29248, stack(0x00000000024d0000,0x00000000025d0000)]

Other Threads:
  0x00000000026c3000 VMThread [stack: 0x000000001c270000,0x000000001c370000] [id=21976]
  0x000000001b9c2800 WatcherThread [stack: 0x000000001d670000,0x000000001d770000] [id=26556]

VM state:not at safepoint (normal execution)

VM Mutex/Monitor currently owned by a thread:  ([mutex/lock_event])
[0x00000000023ceb20] CodeCache_lock - owner thread: 0x000000001b8a3800

OutOfMemory and StackOverflow Exception counts:
OutOfMemoryError java_heap_errors=3

heap address: 0x0000000600000000, size: 7168 MB, Compressed Oops mode: Zero based, Oop shift amount: 3
Narrow klass base: 0x0000000000000000, Narrow klass shift: 3
Compressed class space size: 1073741824 Address: 0x00000007c0000000

Heap:
 par new generation   total 77440K, used 77035K [0x0000000600000000, 0x0000000605400000, 0x0000000670000000)
  eden space 68864K,  99% used [0x0000000600000000, 0x00000006042dad18, 0x0000000604340000)
  from space 8576K, 100% used [0x0000000604ba0000, 0x0000000605400000, 0x0000000605400000)
  to   space 8576K,   0% used [0x0000000604340000, 0x0000000604340000, 0x0000000604ba0000)
 concurrent mark-sweep generation total 3407708K, used 2295875K [0x0000000670000000, 0x000000073ffd7000, 0x00000007c0000000)
 Metaspace       used 194198K, capacity 202727K, committed 202968K, reserved 1220608K
  class space    used 30521K, capacity 32457K, committed 32472K, reserved 1048576K

Card table byte_map: [0x0000000011d90000,0x0000000012ba0000] byte_map_base: 0x000000000ed90000

Marking Bits: (CMSBitMap*) 0x0000000002625fd8
 Bits: [0x0000000013960000, 0x0000000018d60000)

Mod Union Table: (CMSBitMap*) 0x0000000002626098
 Bits: [0x0000000018d70000, 0x0000000018ec0000)

Polling page: 0x00000000004a0000

CodeCache: size=245760Kb used=86579Kb max_used=86590Kb free=159180Kb
 bounds [0x00000000026d0000, 0x0000000007bd0000, 0x00000000116d0000]
 total_blobs=21294 nmethods=19635 adapters=1565
 compilation: enabled

Compilation events (10 events):
Event: 236.291 Thread 0x000000001b8a3800 nmethod 28611 0x0000000007bbae10 code [0x0000000007bbaf60, 0x0000000007bbb118]
Event: 236.292 Thread 0x000000001b8a0000 nmethod 28615 0x0000000007bbe590 code [0x0000000007bbe6e0, 0x0000000007bbe7e8]
Event: 236.293 Thread 0x000000001b8a7000 28620       3       net.minecraft.world.World::func_175697_a (8 bytes)
Event: 236.293 Thread 0x000000001b8a7000 nmethod 28620 0x0000000007bbc450 code [0x0000000007bbc5c0, 0x0000000007bbc7c8]
Event: 236.299 Thread 0x000000001b8a1800 28621       3       com.mrcrayfish.furniture.blocks.BlockCouchNormal::getPickBlock (41 bytes)
Event: 236.300 Thread 0x000000001b8a1800 nmethod 28621 0x0000000007bbd010 code [0x0000000007bbd220, 0x0000000007bbdea8]
Event: 236.303 Thread 0x000000001b893000 28622       4       net.minecraft.entity.EntityLivingBase::func_70617_f_ (99 bytes)
Event: 236.307 Thread 0x000000001b893000 nmethod 28622 0x0000000007bbb690 code [0x0000000007bbb840, 0x0000000007bbbde8]
Event: 236.307 Thread 0x000000001b8a3000 28623       3       io.netty.buffer.AbstractReferenceCountedByteBuf::retain (6 bytes)
Event: 236.307 Thread 0x000000001b8a6000 28624       3       io.netty.buffer.AbstractReferenceCountedByteBuf::retain0 (44 bytes)

GC Heap History (10 events):
Event: 235.421 GC heap before
{Heap before GC invocations=852 (full 14):
 par new generation   total 77440K, used 74747K [0x0000000600000000, 0x0000000605400000, 0x0000000670000000)
  eden space 68864K, 100% used [0x0000000600000000, 0x0000000604340000, 0x0000000604340000)
  from space 8576K,  68% used [0x0000000604340000, 0x00000006048fec18, 0x0000000604ba0000)
  to   space 8576K,   0% used [0x0000000604ba0000, 0x0000000604ba0000, 0x0000000605400000)
 concurrent mark-sweep generation total 3407708K, used 2277287K [0x0000000670000000, 0x000000073ffd7000, 0x00000007c0000000)
 Metaspace       used 193133K, capacity 201533K, committed 201560K, reserved 1218560K
  class space    used 30420K, capacity 32340K, committed 32344K, reserved 1048576K
Event: 235.434 GC heap after
Heap after GC invocations=853 (full 14):
 par new generation   total 77440K, used 7274K [0x0000000600000000, 0x0000000605400000, 0x0000000670000000)
  eden space 68864K,   0% used [0x0000000600000000, 0x0000000600000000, 0x0000000604340000)
  from space 8576K,  84% used [0x0000000604ba0000, 0x00000006052ba840, 0x0000000605400000)
  to   space 8576K,   0% used [0x0000000604340000, 0x0000000604340000, 0x0000000604ba0000)
 concurrent mark-sweep generation total 3407708K, used 2278074K [0x0000000670000000, 0x000000073ffd7000, 0x00000007c0000000)
 Metaspace       used 193133K, capacity 201533K, committed 201560K, reserved 1218560K
  class space    used 30420K, capacity 32340K, committed 32344K, reserved 1048576K
}
Event: 235.735 GC heap before
{Heap before GC invocations=853 (full 14):
 par new generation   total 77440K, used 76138K [0x0000000600000000, 0x0000000605400000, 0x0000000670000000)
  eden space 68864K, 100% used [0x0000000600000000, 0x0000000604340000, 0x0000000604340000)
  from space 8576K,  84% used [0x0000000604ba0000, 0x00000006052ba840, 0x0000000605400000)
  to   space 8576K,   0% used [0x0000000604340000, 0x0000000604340000, 0x0000000604ba0000)
 concurrent mark-sweep generation total 3407708K, used 2278074K [0x0000000670000000, 0x000000073ffd7000, 0x00000007c0000000)
 Metaspace       used 193725K, capacity 202201K, committed 202456K, reserved 1218560K
  class space    used 30491K, capacity 32438K, committed 32472K, reserved 1048576K
Event: 235.754 GC heap after
Heap after GC invocations=854 (full 14):
 par new generation   total 77440K, used 8576K [0x0000000600000000, 0x0000000605400000, 0x0000000670000000)
  eden space 68864K,   0% used [0x0000000600000000, 0x0000000600000000, 0x0000000604340000)
  from space 8576K, 100% used [0x0000000604340000, 0x0000000604ba0000, 0x0000000604ba0000)
  to   space 8576K,   0% used [0x0000000604ba0000, 0x0000000604ba0000, 0x0000000605400000)
 concurrent mark-sweep generation total 3407708K, used 2281334K [0x0000000670000000, 0x000000073ffd7000, 0x00000007c0000000)
 Metaspace       used 193725K, capacity 202201K, committed 202456K, reserved 1218560K
  class space    used 30491K, capacity 32438K, committed 32472K, reserved 1048576K
}
Event: 235.868 GC heap before
{Heap before GC invocations=854 (full 14):
 par new generation   total 77440K, used 77440K [0x0000000600000000, 0x0000000605400000, 0x0000000670000000)
  eden space 68864K, 100% used [0x0000000600000000, 0x0000000604340000, 0x0000000604340000)
  from space 8576K, 100% used [0x0000000604340000, 0x0000000604ba0000, 0x0000000604ba0000)
  to   space 8576K,   0% used [0x0000000604ba0000, 0x0000000604ba0000, 0x0000000605400000)
 concurrent mark-sweep generation total 3407708K, used 2281334K [0x0000000670000000, 0x000000073ffd7000, 0x00000007c0000000)
 Metaspace       used 193885K, capacity 202365K, committed 202456K, reserved 1218560K
  class space    used 30509K, capacity 32450K, committed 32472K, reserved 1048576K
Event: 235.881 GC heap after
Heap after GC invocations=855 (full 14):
 par new generation   total 77440K, used 6646K [0x0000000600000000, 0x0000000605400000, 0x0000000670000000)
  eden space 68864K,   0% used [0x0000000600000000, 0x0000000600000000, 0x0000000604340000)
  from space 8576K,  77% used [0x0000000604ba0000, 0x000000060521d9f8, 0x0000000605400000)
  to   space 8576K,   0% used [0x0000000604340000, 0x0000000604340000, 0x0000000604ba0000)
 concurrent mark-sweep generation total 3407708K, used 2285068K [0x0000000670000000, 0x000000073ffd7000, 0x00000007c0000000)
 Metaspace       used 193885K, capacity 202365K, committed 202456K, reserved 1218560K
  class space    used 30509K, capacity 32450K, committed 32472K, reserved 1048576K
}
Event: 236.012 GC heap before
{Heap before GC invocations=855 (full 14):
 par new generation   total 77440K, used 75510K [0x0000000600000000, 0x0000000605400000, 0x0000000670000000)
  eden space 68864K, 100% used [0x0000000600000000, 0x0000000604340000, 0x0000000604340000)
  from space 8576K,  77% used [0x0000000604ba0000, 0x000000060521d9f8, 0x0000000605400000)
  to   space 8576K,   0% used [0x0000000604340000, 0x0000000604340000, 0x0000000604ba0000)
 concurrent mark-sweep generation total 3407708K, used 2285068K [0x0000000670000000, 0x000000073ffd7000, 0x00000007c0000000)
 Metaspace       used 193966K, capacity 202429K, committed 202456K, reserved 1218560K
  class space    used 30511K, capacity 32450K, committed 32472K, reserved 1048576K
Event: 236.025 GC heap after
Heap after GC invocations=856 (full 14):
 par new generation   total 77440K, used 8221K [0x0000000600000000, 0x0000000605400000, 0x0000000670000000)
  eden space 68864K,   0% used [0x0000000600000000, 0x0000000600000000, 0x0000000604340000)
  from space 8576K,  95% used [0x0000000604340000, 0x0000000604b474b0, 0x0000000604ba0000)
  to   space 8576K,   0% used [0x0000000604ba0000, 0x0000000604ba0000, 0x0000000605400000)
 concurrent mark-sweep generation total 3407708K, used 2285068K [0x0000000670000000, 0x000000073ffd7000, 0x00000007c0000000)
 Metaspace       used 193966K, capacity 202429K, committed 202456K, reserved 1218560K
  class space    used 30511K, capacity 32450K, committed 32472K, reserved 1048576K
}
Event: 236.207 GC heap before
{Heap before GC invocations=856 (full 14):
 par new generation   total 77440K, used 77085K [0x0000000600000000, 0x0000000605400000, 0x0000000670000000)
  eden space 68864K, 100% used [0x0000000600000000, 0x0000000604340000, 0x0000000604340000)
  from space 8576K,  95% used [0x0000000604340000, 0x0000000604b474b0, 0x0000000604ba0000)
  to   space 8576K,   0% used [0x0000000604ba0000, 0x0000000604ba0000, 0x0000000605400000)
 concurrent mark-sweep generation total 3407708K, used 2285068K [0x0000000670000000, 0x000000073ffd7000, 0x00000007c0000000)
 Metaspace       used 194147K, capacity 202629K, committed 202712K, reserved 1220608K
  class space    used 30517K, capacity 32452K, committed 32472K, reserved 1048576K
Event: 236.225 GC heap after
Heap after GC invocations=857 (full 14):
 par new generation   total 77440K, used 8576K [0x0000000600000000, 0x0000000605400000, 0x0000000670000000)
  eden space 68864K,   0% used [0x0000000600000000, 0x0000000600000000, 0x0000000604340000)
  from space 8576K, 100% used [0x0000000604ba0000, 0x0000000605400000, 0x0000000605400000)
  to   space 8576K,   0% used [0x0000000604340000, 0x0000000604340000, 0x0000000604ba0000)
 concurrent mark-sweep generation total 3407708K, used 2295875K [0x0000000670000000, 0x000000073ffd7000, 0x00000007c0000000)
 Metaspace       used 194147K, capacity 202629K, committed 202712K, reserved 1220608K
  class space    used 30517K, capacity 32452K, committed 32472K, reserved 1048576K
}

Deoptimization events (10 events):
Event: 236.181 Thread 0x0000000029783800 Uncommon trap: reason=class_check action=maybe_recompile pc=0x0000000007a17f68 method=net.minecraft.pathfinding.WalkNodeProcessor.func_193578_a(Lnet/minecraft/world/IBlockAccess;IIILnet/minecraft/pathfinding/PathNodeType;)Lnet/minecraft/pathfinding/PathNo
Event: 236.181 Thread 0x0000000029783800 Uncommon trap: reason=class_check action=maybe_recompile pc=0x0000000006e8ac94 method=net.minecraft.pathfinding.WalkNodeProcessor.func_189553_b(Lnet/minecraft/world/IBlockAccess;III)Lnet/minecraft/pathfinding/PathNodeType; @ 25
Event: 236.181 Thread 0x0000000029783800 Uncommon trap: reason=class_check action=maybe_recompile pc=0x0000000007a17f68 method=net.minecraft.pathfinding.WalkNodeProcessor.func_193578_a(Lnet/minecraft/world/IBlockAccess;IIILnet/minecraft/pathfinding/PathNodeType;)Lnet/minecraft/pathfinding/PathNo
Event: 236.181 Thread 0x0000000029783800 Uncommon trap: reason=class_check action=maybe_recompile pc=0x0000000006e8ac94 method=net.minecraft.pathfinding.WalkNodeProcessor.func_189553_b(Lnet/minecraft/world/IBlockAccess;III)Lnet/minecraft/pathfinding/PathNodeType; @ 25
Event: 236.181 Thread 0x0000000029783800 Uncommon trap: reason=class_check action=maybe_recompile pc=0x0000000007a17f68 method=net.minecraft.pathfinding.WalkNodeProcessor.func_193578_a(Lnet/minecraft/world/IBlockAccess;IIILnet/minecraft/pathfinding/PathNodeType;)Lnet/minecraft/pathfinding/PathNo
Event: 236.182 Thread 0x0000000029783800 Uncommon trap: reason=class_check action=maybe_recompile pc=0x0000000006e8ac94 method=net.minecraft.pathfinding.WalkNodeProcessor.func_189553_b(Lnet/minecraft/world/IBlockAccess;III)Lnet/minecraft/pathfinding/PathNodeType; @ 25
Event: 236.182 Thread 0x0000000029783800 Uncommon trap: reason=class_check action=maybe_recompile pc=0x0000000007a17f68 method=net.minecraft.pathfinding.WalkNodeProcessor.func_193578_a(Lnet/minecraft/world/IBlockAccess;IIILnet/minecraft/pathfinding/PathNodeType;)Lnet/minecraft/pathfinding/PathNo
Event: 236.182 Thread 0x0000000029783800 Uncommon trap: reason=class_check action=maybe_recompile pc=0x00000000071afd24 method=net.minecraft.pathfinding.WalkNodeProcessor.func_193578_a(Lnet/minecraft/world/IBlockAccess;IIILnet/minecraft/pathfinding/PathNodeType;)Lnet/minecraft/pathfinding/PathNo
Event: 236.196 Thread 0x0000000029783800 Uncommon trap: reason=class_check action=maybe_recompile pc=0x0000000007986ce0 method=net.minecraft.entity.ai.EntityAITasks.func_75774_a()V @ 89
Event: 236.206 Thread 0x0000000029783800 Uncommon trap: reason=unstable_if action=reinterpret pc=0x000000000785cd38 method=net.minecraft.util.math.AxisAlignedBB.func_72323_b(Lnet/minecraft/util/math/AxisAlignedBB;D)D @ 125

Classes redefined (0 events):
No events

Internal exceptions (10 events):
Event: 236.307 Thread 0x0000000021ac0000 Exception <a 'java/lang/NullPointerException'> (0x000000060405c050) thrown at [C:\re\workspace\8-2-build-windows-amd64-cygwin\jdk8u221\13320\hotspot\src\share\vm\runtime\sharedRuntime.cpp, line 605]
Event: 236.307 Thread 0x0000000021ac0000 Implicit null exception at 0x00000000078f758c to 0x00000000078f7cf3
Event: 236.307 Thread 0x0000000021ac0000 Exception <a 'java/lang/NullPointerException'> (0x000000060405d6d8) thrown at [C:\re\workspace\8-2-build-windows-amd64-cygwin\jdk8u221\13320\hotspot\src\share\vm\runtime\sharedRuntime.cpp, line 605]
Event: 236.307 Thread 0x0000000021ac0000 Implicit null exception at 0x00000000078f758c to 0x00000000078f7cf3
Event: 236.307 Thread 0x0000000021ac0000 Exception <a 'java/lang/NullPointerException'> (0x000000060405ed60) thrown at [C:\re\workspace\8-2-build-windows-amd64-cygwin\jdk8u221\13320\hotspot\src\share\vm\runtime\sharedRuntime.cpp, line 605]
Event: 236.307 Thread 0x0000000021ac0000 Implicit null exception at 0x00000000078f758c to 0x00000000078f7cf3
Event: 236.307 Thread 0x0000000021ac0000 Exception <a 'java/lang/NullPointerException'> (0x00000006040603e8) thrown at [C:\re\workspace\8-2-build-windows-amd64-cygwin\jdk8u221\13320\hotspot\src\share\vm\runtime\sharedRuntime.cpp, line 605]
Event: 236.307 Thread 0x0000000021ac0000 Implicit null exception at 0x00000000078f758c to 0x00000000078f7cf3
Event: 236.307 Thread 0x0000000021ac0000 Exception <a 'java/lang/NullPointerException'> (0x0000000604061a70) thrown at [C:\re\workspace\8-2-build-windows-amd64-cygwin\jdk8u221\13320\hotspot\src\share\vm\runtime\sharedRuntime.cpp, line 605]
Event: 236.307 Thread 0x0000000021ac0000 Implicit null exception at 0x00000000078f758c to 0x00000000078f7cf3

Events (10 events):
Event: 236.196 Thread 0x0000000029783800 Uncommon trap: trap_request=0xffffffde fr.pc=0x0000000007986ce0
Event: 236.196 Thread 0x0000000029783800 DEOPT PACKING pc=0x0000000007986ce0 sp=0x000000007a55ea50
Event: 236.196 Thread 0x0000000029783800 DEOPT UNPACKING pc=0x000000000271583b sp=0x000000007a55ea60 mode 2
Event: 236.206 Thread 0x0000000029783800 Uncommon trap: trap_request=0xffffff65 fr.pc=0x000000000785cd38
Event: 236.206 Thread 0x0000000029783800 DEOPT PACKING pc=0x000000000785cd38 sp=0x000000007a55e7e0
Event: 236.206 Thread 0x0000000029783800 DEOPT UNPACKING pc=0x000000000271583b sp=0x000000007a55e788 mode 2
Event: 236.207 Executing VM operation: GenCollectForAllocation
Event: 236.225 Executing VM operation: GenCollectForAllocation done
Event: 236.293 loading class net/minecraft/network/play/server/SPacketMultiBlockChange$BlockUpdateData
Event: 236.293 loading class net/minecraft/network/play/server/SPacketMultiBlockChange$BlockUpdateData done


Dynamic libraries:
0x00007ff7c25f0000 - 0x00007ff7c2627000 	C:\Program Files\Java\jre1.8.0_221\bin\javaw.exe
0x00007ff9383c0000 - 0x00007ff9385ad000 	C:\WINDOWS\SYSTEM32\ntdll.dll
0x00007ff937db0000 - 0x00007ff937e63000 	C:\WINDOWS\System32\KERNEL32.DLL
0x00007ff935120000 - 0x00007ff9353b3000 	C:\WINDOWS\System32\KERNELBASE.dll
0x00007ff9357d0000 - 0x00007ff935873000 	C:\WINDOWS\System32\ADVAPI32.dll
0x00007ff937aa0000 - 0x00007ff937b3e000 	C:\WINDOWS\System32\msvcrt.dll
0x00007ff937e70000 - 0x00007ff937f0e000 	C:\WINDOWS\System32\sechost.dll
0x00007ff937c80000 - 0x00007ff937da2000 	C:\WINDOWS\System32\RPCRT4.dll
0x00007ff938190000 - 0x00007ff938327000 	C:\WINDOWS\System32\USER32.dll
0x00007ff934f00000 - 0x00007ff934f20000 	C:\WINDOWS\System32\win32u.dll
0x00007ff935d10000 - 0x00007ff935d39000 	C:\WINDOWS\System32\GDI32.dll
0x00007ff934490000 - 0x00007ff934629000 	C:\WINDOWS\System32\gdi32full.dll
0x00007ff934e60000 - 0x00007ff934f00000 	C:\WINDOWS\System32\msvcp_win.dll
0x00007ff934f20000 - 0x00007ff93501a000 	C:\WINDOWS\System32\ucrtbase.dll
0x00007ff925380000 - 0x00007ff9255f9000 	C:\WINDOWS\WinSxS\amd64_microsoft.windows.common-controls_6595b64144ccf1df_6.0.17763.615_none_05b4414a072024d4\COMCTL32.dll
0x00007ff935e40000 - 0x00007ff93616c000 	C:\WINDOWS\System32\combase.dll
0x00007ff934d80000 - 0x00007ff934dfe000 	C:\WINDOWS\System32\bcryptPrimitives.dll
0x00007ff938160000 - 0x00007ff93818e000 	C:\WINDOWS\System32\IMM32.DLL
0x0000000072650000 - 0x0000000072722000 	C:\Program Files\Java\jre1.8.0_221\bin\msvcr100.dll
0x00000000714d0000 - 0x0000000071d75000 	C:\Program Files\Java\jre1.8.0_221\bin\server\jvm.dll
0x00007ff935d40000 - 0x00007ff935d48000 	C:\WINDOWS\System32\PSAPI.DLL
0x00007ff926d90000 - 0x00007ff926db4000 	C:\WINDOWS\SYSTEM32\WINMM.dll
0x00007ff92f030000 - 0x00007ff92f03a000 	C:\WINDOWS\SYSTEM32\VERSION.dll
0x00007ff930700000 - 0x00007ff930709000 	C:\WINDOWS\SYSTEM32\WSOCK32.dll
0x00007ff9380f0000 - 0x00007ff93815d000 	C:\WINDOWS\System32\WS2_32.dll
0x00007ff926b90000 - 0x00007ff926bbd000 	C:\WINDOWS\SYSTEM32\WINMMBASE.dll
0x00007ff9355a0000 - 0x00007ff9355ea000 	C:\WINDOWS\System32\cfgmgr32.dll
0x00007ff9307c0000 - 0x00007ff9307cf000 	C:\Program Files\Java\jre1.8.0_221\bin\verify.dll
0x00007ff92efd0000 - 0x00007ff92eff9000 	C:\Program Files\Java\jre1.8.0_221\bin\java.dll
0x00007ff9283c0000 - 0x00007ff9283d6000 	C:\Program Files\Java\jre1.8.0_221\bin\zip.dll
0x00007ff9365b0000 - 0x00007ff937aa0000 	C:\WINDOWS\System32\SHELL32.dll
0x00007ff9361e0000 - 0x00007ff936288000 	C:\WINDOWS\System32\shcore.dll
0x00007ff934630000 - 0x00007ff934d7a000 	C:\WINDOWS\System32\windows.storage.dll
0x00007ff934460000 - 0x00007ff934484000 	C:\WINDOWS\System32\profapi.dll
0x00007ff9343c0000 - 0x00007ff93441d000 	C:\WINDOWS\System32\powrprof.dll
0x00007ff937b40000 - 0x00007ff937b92000 	C:\WINDOWS\System32\shlwapi.dll
0x00007ff934420000 - 0x00007ff934431000 	C:\WINDOWS\System32\kernel.appcore.dll
0x00007ff9350d0000 - 0x00007ff9350e7000 	C:\WINDOWS\System32\cryptsp.dll
0x00007ff9307b0000 - 0x00007ff9307bd000 	C:\Program Files\Java\jre1.8.0_221\bin\management.dll
0x00007ff927670000 - 0x00007ff92768a000 	C:\Program Files\Java\jre1.8.0_221\bin\net.dll
0x00007ff9292b0000 - 0x00007ff929487000 	C:\WINDOWS\SYSTEM32\urlmon.dll
0x00007ff929000000 - 0x00007ff9292a8000 	C:\WINDOWS\SYSTEM32\iertutil.dll
0x00007ff933e00000 - 0x00007ff933e0c000 	C:\WINDOWS\SYSTEM32\CRYPTBASE.DLL
0x00007ff933c30000 - 0x00007ff933c97000 	C:\WINDOWS\system32\mswsock.dll
0x00007ff917530000 - 0x00007ff917546000 	C:\WINDOWS\system32\napinsp.dll
0x00007ff917510000 - 0x00007ff91752a000 	C:\WINDOWS\system32\pnrpnsp.dll
0x00007ff9339d0000 - 0x00007ff933a96000 	C:\WINDOWS\SYSTEM32\DNSAPI.dll
0x00007ff935d00000 - 0x00007ff935d08000 	C:\WINDOWS\System32\NSI.dll
0x00007ff933990000 - 0x00007ff9339cd000 	C:\WINDOWS\SYSTEM32\IPHLPAPI.DLL
0x00007ff917500000 - 0x00007ff91750e000 	C:\WINDOWS\System32\winrnr.dll
0x00007ff92f6f0000 - 0x00007ff92f70b000 	C:\WINDOWS\system32\NLAapi.dll
0x00007ff9174e0000 - 0x00007ff9174f5000 	C:\WINDOWS\system32\wshbth.dll
0x0000000073520000 - 0x0000000073546000 	C:\Program Files\Bonjour\mdnsNSP.dll
0x00007ff92cae0000 - 0x00007ff92caea000 	C:\Windows\System32\rasadhlp.dll
0x00007ff92e3a0000 - 0x00007ff92e419000 	C:\WINDOWS\System32\fwpuclnt.dll
0x00007ff9350f0000 - 0x00007ff935116000 	C:\WINDOWS\System32\bcrypt.dll
0x00007ff927650000 - 0x00007ff927662000 	C:\Program Files\Java\jre1.8.0_221\bin\nio.dll
0x00007ff91d730000 - 0x00007ff91d754000 	C:\Program Files\Java\jre1.8.0_221\bin\sunec.dll
0x00007ff9337f0000 - 0x00007ff933823000 	C:\WINDOWS\system32\rsaenh.dll
0x00007ff9342f0000 - 0x00007ff934318000 	C:\WINDOWS\SYSTEM32\USERENV.dll
0x00007ff92f0e0000 - 0x00007ff92f0f6000 	C:\WINDOWS\SYSTEM32\dhcpcsvc6.DLL
0x00007ff92f0b0000 - 0x00007ff92f0cc000 	C:\WINDOWS\SYSTEM32\dhcpcsvc.DLL
0x00007ff930e10000 - 0x00007ff930e27000 	C:\Program Files\Java\jre1.8.0_221\bin\unpack.dll
0x0000000180000000 - 0x0000000180053000 	D:\Windows Folders\Documents\Curse\Minecraft\Install\versions\forge-14.23.5.2838\forge-14.23.5.2838-natives-2115739665599800\lwjgl64.dll
0x00007ff9091b0000 - 0x00007ff9092d7000 	C:\WINDOWS\SYSTEM32\OPENGL32.dll
0x00007ff9278d0000 - 0x00007ff9278fc000 	C:\WINDOWS\SYSTEM32\GLU32.dll
0x00007ff8fc980000 - 0x00007ff8fcb19000 	C:\Program Files\Java\jre1.8.0_221\bin\awt.dll
0x00007ff935d50000 - 0x00007ff935e14000 	C:\WINDOWS\System32\OLEAUT32.dll
0x00007ff932360000 - 0x00007ff9323ec000 	C:\WINDOWS\SYSTEM32\apphelp.dll
0x00007ff9325c0000 - 0x00007ff93265c000 	C:\WINDOWS\system32\uxtheme.dll
0x00007ff936290000 - 0x00007ff9363fb000 	C:\WINDOWS\System32\MSCTF.dll
0x00007ff9328d0000 - 0x00007ff9328fe000 	C:\WINDOWS\system32\dwmapi.dll
0x00007ff9353c0000 - 0x00007ff93559b000 	C:\WINDOWS\System32\CRYPT32.dll
0x00007ff934440000 - 0x00007ff934452000 	C:\WINDOWS\System32\MSASN1.dll
0x00007ff9268e0000 - 0x00007ff92694c000 	C:\WINDOWS\system32\Oleacc.dll
0x000000006ed80000 - 0x00000000714c6000 	C:\WINDOWS\System32\DriverStore\FileRepository\nvaki.inf_amd64_fc434a3279f1a5ae\nvoglv64.dll
0x00007ff935880000 - 0x00007ff935cf6000 	C:\WINDOWS\System32\SETUPAPI.dll
0x00007ff937f10000 - 0x00007ff938065000 	C:\WINDOWS\System32\ole32.dll
0x00007ff9303f0000 - 0x00007ff930403000 	C:\WINDOWS\SYSTEM32\WTSAPI32.dll
0x00007ff9341d0000 - 0x00007ff9341f9000 	C:\WINDOWS\SYSTEM32\DEVOBJ.dll
0x00007ff934e00000 - 0x00007ff934e59000 	C:\WINDOWS\System32\WINTRUST.dll
0x00007ff933580000 - 0x00007ff9335b1000 	C:\WINDOWS\SYSTEM32\ntmarta.dll
0x00007ff908af0000 - 0x00007ff908da2000 	C:\WINDOWS\system32\nvspcap64.dll
0x00007ff921040000 - 0x00007ff9210ed000 	C:\WINDOWS\SYSTEM32\mscms.dll
0x00007ff9210f0000 - 0x00007ff921100000 	C:\WINDOWS\SYSTEM32\ColorAdapterClient.dll
0x00007ff90c360000 - 0x00007ff90c3a3000 	C:\WINDOWS\SYSTEM32\icm32.dll
0x00007ff9334d0000 - 0x00007ff933528000 	C:\WINDOWS\SYSTEM32\WINSTA.dll
0x00007ff92e940000 - 0x00007ff92e982000 	C:\Users\puppy\AppData\Local\Temp\jna-107031124\jna7875440542380031985.dll
0x00007ff92f9b0000 - 0x00007ff92f9bb000 	C:\Program Files\Java\jre1.8.0_221\bin\sunmscapi.dll
0x00007ff9246e0000 - 0x00007ff924729000 	C:\Program Files\Java\jre1.8.0_221\bin\fontmanager.dll
0x00007ff927690000 - 0x00007ff92782e000 	C:\WINDOWS\system32\d3d9.dll
0x00007ff91e820000 - 0x00007ff91e90e000 	C:\WINDOWS\System32\DriverStore\FileRepository\nvaki.inf_amd64_fc434a3279f1a5ae\nvldumdx.dll
0x00007ff935e20000 - 0x00007ff935e3d000 	C:\WINDOWS\System32\imagehlp.dll
0x00007ff8cd380000 - 0x00007ff8ce819000 	C:\WINDOWS\System32\DriverStore\FileRepository\nvaki.inf_amd64_fc434a3279f1a5ae\nvd3dumx.dll
0x00007ff9330b0000 - 0x00007ff9330d2000 	C:\WINDOWS\SYSTEM32\gpapi.dll
0x00007ff9227a0000 - 0x00007ff9227cf000 	C:\WINDOWS\SYSTEM32\cryptnet.dll
0x00007ff921af0000 - 0x00007ff921b32000 	C:\Program Files\Java\jre1.8.0_221\bin\t2k.dll
0x00000000006b0000 - 0x0000000000714000 	D:\Windows Folders\Documents\Curse\Minecraft\Install\versions\forge-14.23.5.2838\forge-14.23.5.2838-natives-2115739665599800\OpenAL64.dll
0x00007ff9355f0000 - 0x00007ff935692000 	C:\WINDOWS\System32\clbcatq.dll
0x00007ff92f040000 - 0x00007ff92f0b0000 	C:\WINDOWS\System32\MMDevApi.dll
0x00007ff92e5d0000 - 0x00007ff92e778000 	C:\WINDOWS\System32\PROPSYS.dll
0x00007ff922440000 - 0x00007ff9224d6000 	C:\WINDOWS\SYSTEM32\dsound.dll
0x00007ff92f120000 - 0x00007ff92f268000 	C:\WINDOWS\SYSTEM32\AUDIOSES.DLL
0x00007ff930ba0000 - 0x00007ff930cf3000 	C:\WINDOWS\SYSTEM32\wintypes.dll
0x00007ff930410000 - 0x00007ff93041a000 	C:\WINDOWS\SYSTEM32\AVRT.dll
0x00007ff932900000 - 0x00007ff932914000 	C:\WINDOWS\SYSTEM32\resourcepolicyclient.dll
0x00007ff930df0000 - 0x00007ff930e0a000 	D:\Windows Folders\Documents\Curse\Minecraft\Install\versions\forge-14.23.5.2838\forge-14.23.5.2838-natives-2115739665599800\SAPIWrapper_x64.dll
0x00007ff92f8f0000 - 0x00007ff92f985000 	C:\WINDOWS\System32\TextInputFramework.dll
0x00007ff921c90000 - 0x00007ff921fb2000 	C:\WINDOWS\System32\CoreUIComponents.dll
0x00007ff932150000 - 0x00007ff932232000 	C:\WINDOWS\System32\CoreMessaging.dll

VM Arguments:
jvm_args: -Xmx7168m -Xms256m -XX:PermSize=256m -Dminecraft.applet.TargetDirectory=D:\Windows Folders\Documents\Curse\Minecraft\Instances\Escape From Minecraft (dev) -Dfml.ignorePatchDiscrepancies=true -Dfml.ignoreInvalidMinecraftCertificates=true -Duser.language=en -Duser.country=US -XX:+AggressiveOpts -XX:ParallelGCThreads=3 -XX:+UseConcMarkSweepGC -XX:+UnlockExperimentalVMOptions -XX:+UseParNewGC -XX:+ExplicitGCInvokesConcurrent -XX:MaxGCPauseMillis=10 -XX:GCPauseIntervalMillis=50 -XX:+UseFastAccessorMethods -XX:+OptimizeStringConcat -XX:NewSize=84m -XX:+UseAdaptiveGCBoundary -XX:NewRatio=3 -Dfml.readTimeout=90 -Ddeployment.trace=true -Ddeployment.log=true -Ddeployment.trace.level=all -XX:HeapDumpPath=MojangTricksIntelDriversForPerformance_javaw.exe_minecraft.exe.heapdump -Djava.library.path=D:\Windows Folders\Documents\Curse\Minecraft\Install\versions\forge-14.23.5.2838\forge-14.23.5.2838-natives-2115739665599800 -Dminecraft.launcher.brand=java-minecraft-launcher -Dminecraft.launcher.version=1.6.84 -Dminecraft.client.jar=D:\Windows Folders\Documents\Curse\Minecraft\Install\versions\1.12.2\1.12.2.jar 
java_command: net.minecraft.launchwrapper.Launch --username caigan --version forge-14.23.5.2838 --gameDir D:\Windows Folders\Documents\Curse\Minecraft\Instances\Escape From Minecraft (dev) --assetsDir D:\Windows Folders\Documents\Curse\Minecraft\Install\assets --assetIndex 1.12 --uuid 5bd0a23115f4487fb1fcdc88153152aa --accessToken b6a5320e5a0147e0841ff757303b20aa --userType mojang --tweakClass net.minecraftforge.fml.common.launcher.FMLTweaker --versionType Forge
java_class_path (initial): D:\Windows Folders\Documents\Curse\Minecraft\Install\libraries\net\minecraftforge\forge\1.12.2-14.23.5.2838\forge-1.12.2-14.23.5.2838.jar;D:\Windows Folders\Documents\Curse\Minecraft\Install\libraries\net\minecraft\launchwrapper\1.12\launchwrapper-1.12.jar;D:\Windows Folders\Documents\Curse\Minecraft\Install\libraries\org\ow2\asm\asm-all\5.2\asm-all-5.2.jar;D:\Windows Folders\Documents\Curse\Minecraft\Install\libraries\org\jline\jline\3.5.1\jline-3.5.1.jar;D:\Windows Folders\Documents\Curse\Minecraft\Install\libraries\net\java\dev\jna\jna\4.4.0\jna-4.4.0.jar;D:\Windows Folders\Documents\Curse\Minecraft\Install\libraries\com\typesafe\akka\akka-actor_2.11\2.3.3\akka-actor_2.11-2.3.3.jar;D:\Windows Folders\Documents\Curse\Minecraft\Install\libraries\com\typesafe\config\1.2.1\config-1.2.1.jar;D:\Windows Folders\Documents\Curse\Minecraft\Install\libraries\org\scala-lang\scala-actors-migration_2.11\1.1.0\scala-actors-migration_2.11-1.1.0.jar;D:\Windows Folders\Documents\Curse\Minecraft\Install\libraries\org\scala-lang\scala-compiler\2.11.1\scala-compiler-2.11.1.jar;D:\Windows Folders\Documents\Curse\Minecraft\Install\libraries\org\scala-lang\plugins\scala-continuations-library_2.11\1.0.2\scala-continuations-library_2.11-1.0.2.jar;D:\Windows Folders\Documents\Curse\Minecraft\Install\libraries\org\scala-lang\plugins\scala-continuations-plugin_2.11.1\1.0.2\scala-continuations-plugin_2.11.1-1.0.2.jar;D:\Windows Folders\Documents\Curse\Minecraft\Install\libraries\org\scala-lang\scala-library\2.11.1\scala-library-2.11.1.jar;D:\Windows Folders\Documents\Curse\Minecraft\Install\libraries\org\scala-lang\scala-parser-combinators_2.11\1.0.1\scala-parser-combinators_2.11-1.0.1.jar;D:\Windows Folders\Documents\Curse\Minecraft\Install\libraries\org\scala-lang\scala-reflect\2.11.1\scala-reflect-2.11.1.jar;D:\Windows Folders\Documents\Curse\Minecraft\Install\libraries\org\scala-lang\scala-swing_2.11\1.0.1\scala-swing_2.11-1.0.1.jar;D:\Windows Folders\Document
Launcher Type: SUN_STANDARD

Environment Variables:
JAVA_HOME=C:\Program Files\Java\jre1.8.0_131
PATH=C:\Program Files (x86)\Common Files\Intel\Shared Libraries\redist\intel64\compiler;C:\Program Files (x86)\Common Files\Oracle\Java\javapath;C:\Program Files\Oculus\Support\oculus-runtime;C:\ProgramData\Oracle\Java\javapath;C:\Program Files (x86)\Razer Chroma SDK\bin;C:\Program Files\Razer Chroma SDK\bin;C:\Windows\system32;C:\Windows;C:\Windows\System32\Wbem;C:\Windows\System32\WindowsPowerShell\v1.0\;C:\Windows\system32\config\systemprofile\AppData\Local\Microsoft\WindowsApps;C:\Program Files\TortoiseGit\bin;C:\Program Files\Git\cmd;C:\WINDOWS\system32;C:\WINDOWS;C:\WINDOWS\System32\Wbem;C:\WINDOWS\System32\WindowsPowerShell\v1.0\;C:\Program Files\Java\jre1.8.0_131\bin;;C:\Program Files (x86)\NVIDIA Corporation\PhysX\Common;C:\Program Files (x86)\GtkSharp\2.12\bin;C:\WINDOWS\system32;C:\WINDOWS;C:\WINDOWS\System32\Wbem;C:\WINDOWS\System32\WindowsPowerShell\v1.0\;C:\WINDOWS\System32\OpenSSH\;C:\Program Files\NVIDIA Corporation\NVIDIA NvDLISR;C:\Users\puppy\AppData\Local\Programs\Python\Python36-32\Scripts\;C:\Users\puppy\AppData\Local\Programs\Python\Python36-32\;C:\Users\puppy\AppData\Local\Microsoft\WindowsApps;;C:\Program Files (x86)\Scapple
USERNAME=puppy
OS=Windows_NT
PROCESSOR_IDENTIFIER=Intel64 Family 6 Model 85 Stepping 4, GenuineIntel



---------------  S Y S T E M  ---------------

OS: Windows 10.0 , 64 bit Build 17763 (10.0.17763.475)

CPU:total 16 (initial active 16) (8 cores per cpu, 2 threads per core) family 6 model 85 stepping 4, cmov, cx8, fxsr, mmx, sse, sse2, sse3, ssse3, sse4.1, sse4.2, popcnt, avx, avx2, aes, clmul, erms, rtm, 3dnowpref, lzcnt, ht, tsc, tscinvbit, bmi1, bmi2, adx

Memory: 4k page, physical 33249236k(12672028k free), swap 74209236k(4652k free)

vm_info: Java HotSpot(TM) 64-Bit Server VM (25.221-b11) for windows-amd64 JRE (1.8.0_221-b11), built on Jul  4 2019 04:39:29 by "java_re" with MS VC++ 10.0 (VS2010)

time: Tue Aug 06 07:58:14 2019
timezone: Central Daylight Time
elapsed time: 236 seconds (0d 0h 3m 56s)

